# JRE version: OpenJDK Runtime Environment (8.0_152-b01) (build 1.8.0_152-release-1248-b01)
# Java VM: OpenJDK 64-Bit Server VM (25.152-b01 mixed mode bsd-amd64 compressed oops)
Heap:
 PSYoungGen      total 325120K, used 35279K [0x00000007a0000000, 0x00000007b8b80000, 0x00000007c0000000)
  eden space 282112K, 0% used [0x00000007a0000000,0x00000007a0000000,0x00000007b1380000)
  from space 43008K, 82% used [0x00000007b1380000,0x00000007b35f3d28,0x00000007b3d80000)
  to   space 46080K, 0% used [0x00000007b5e80000,0x00000007b5e80000,0x00000007b8b80000)
 ParOldGen       total 261120K, used 48460K [0x0000000760000000, 0x000000076ff00000, 0x00000007a0000000)
  object space 261120K, 18% used [0x0000000760000000,0x0000000762f531c0,0x000000076ff00000)
 Metaspace       used 94321K, capacity 98466K, committed 98600K, reserved 1134592K
  class space    used 12013K, capacity 12846K, committed 12968K, reserved 1048576K
GC Heap History (10 events):
Event: 525.208 GC heap after
Heap after GC invocations=18 (full 3):
 PSYoungGen      total 261632K, used 26091K [0x00000007a0000000, 0x00000007b4b80000, 0x00000007c0000000)
  eden space 235520K, 0% used [0x00000007a0000000,0x00000007a0000000,0x00000007ae600000)
  from space 26112K, 99% used [0x00000007ae600000,0x00000007aff7af80,0x00000007aff80000)
  to   space 33792K, 0% used [0x00000007b2a80000,0x00000007b2a80000,0x00000007b4b80000)
 ParOldGen       total 261120K, used 48428K [0x0000000760000000, 0x000000076ff00000, 0x00000007a0000000)
  object space 261120K, 18% used [0x0000000760000000,0x0000000762f4b1c0,0x000000076ff00000)
 Metaspace       used 91267K, capacity 95018K, committed 95256K, reserved 1132544K
  class space    used 11711K, capacity 12524K, committed 12584K, reserved 1048576K
}
Event: 529.097 GC heap before
{Heap before GC invocations=19 (full 3):
 PSYoungGen      total 261632K, used 261254K [0x00000007a0000000, 0x00000007b4b80000, 0x00000007c0000000)
  eden space 235520K, 99% used [0x00000007a0000000,0x00000007ae5a6910,0x00000007ae600000)
  from space 26112K, 99% used [0x00000007ae600000,0x00000007aff7af80,0x00000007aff80000)
  to   space 33792K, 0% used [0x00000007b2a80000,0x00000007b2a80000,0x00000007b4b80000)
 ParOldGen       total 261120K, used 48428K [0x0000000760000000, 0x000000076ff00000, 0x00000007a0000000)
  object space 261120K, 18% used [0x0000000760000000,0x0000000762f4b1c0,0x000000076ff00000)
 Metaspace       used 91930K, capacity 95656K, committed 95768K, reserved 1132544K
  class space    used 11785K, capacity 12573K, committed 12584K, reserved 1048576K
Event: 529.171 GC heap after
Heap after GC invocations=19 (full 3):
 PSYoungGen      total 302592K, used 30234K [0x00000007a0000000, 0x00000007b5580000, 0x00000007c0000000)
  eden space 268800K, 0% used [0x00000007a0000000,0x00000007a0000000,0x00000007b0680000)
  from space 33792K, 89% used [0x00000007b2a80000,0x00000007b4806ad8,0x00000007b4b80000)
  to   space 36864K, 0% used [0x00000007b0680000,0x00000007b0680000,0x00000007b2a80000)
 ParOldGen       total 261120K, used 48436K [0x0000000760000000, 0x000000076ff00000, 0x00000007a0000000)
  object space 261120K, 18% used [0x0000000760000000,0x0000000762f4d1c0,0x000000076ff00000)
 Metaspace       used 91930K, capacity 95656K, committed 95768K, reserved 1132544K
  class space    used 11785K, capacity 12573K, committed 12584K, reserved 1048576K
}
Event: 691.547 GC heap before
{Heap before GC invocations=20 (full 3):
 PSYoungGen      total 302592K, used 299034K [0x00000007a0000000, 0x00000007b5580000, 0x00000007c0000000)
  eden space 268800K, 100% used [0x00000007a0000000,0x00000007b0680000,0x00000007b0680000)
  from space 33792K, 89% used [0x00000007b2a80000,0x00000007b4806ad8,0x00000007b4b80000)
  to   space 36864K, 0% used [0x00000007b0680000,0x00000007b0680000,0x00000007b2a80000)
 ParOldGen       total 261120K, used 48436K [0x0000000760000000, 0x000000076ff00000, 0x00000007a0000000)
  object space 261120K, 18% used [0x0000000760000000,0x0000000762f4d1c0,0x000000076ff00000)
 Metaspace       used 92809K, capacity 96804K, committed 97048K, reserved 1134592K
  class space    used 11906K, capacity 12715K, committed 12840K, reserved 1048576K
Event: 691.609 GC heap after
Heap after GC invocations=20 (full 3):
 PSYoungGen      total 305664K, used 28713K [0x00000007a0000000, 0x00000007b6b00000, 0x00000007c0000000)
  eden space 268800K, 0% used [0x00000007a0000000,0x00000007a0000000,0x00000007b0680000)
  from space 36864K, 77% used [0x00000007b0680000,0x00000007b228a748,0x00000007b2a80000)
  to   space 38912K, 0% used [0x00000007b4500000,0x00000007b4500000,0x00000007b6b00000)
 ParOldGen       total 261120K, used 48444K [0x0000000760000000, 0x000000076ff00000, 0x00000007a0000000)
  object space 261120K, 18% used [0x0000000760000000,0x0000000762f4f1c0,0x000000076ff00000)
 Metaspace       used 92809K, capacity 96804K, committed 97048K, reserved 1134592K
  class space    used 11906K, capacity 12715K, committed 12840K, reserved 1048576K
}
Event: 897.425 GC heap before
{Heap before GC invocations=21 (full 3):
 PSYoungGen      total 305664K, used 297513K [0x00000007a0000000, 0x00000007b6b00000, 0x00000007c0000000)
  eden space 268800K, 100% used [0x00000007a0000000,0x00000007b0680000,0x00000007b0680000)
  from space 36864K, 77% used [0x00000007b0680000,0x00000007b228a748,0x00000007b2a80000)
  to   space 38912K, 0% used [0x00000007b4500000,0x00000007b4500000,0x00000007b6b00000)
 ParOldGen       total 261120K, used 48444K [0x0000000760000000, 0x000000076ff00000, 0x00000007a0000000)
  object space 261120K, 18% used [0x0000000760000000,0x0000000762f4f1c0,0x000000076ff00000)
 Metaspace       used 94245K, capacity 98338K, committed 98600K, reserved 1134592K
  class space    used 12013K, capacity 12846K, committed 12968K, reserved 1048576K
Event: 897.523 GC heap after
Heap after GC invocations=21 (full 3):
 PSYoungGen      total 296960K, used 35073K [0x00000007a0000000, 0x00000007b6780000, 0x00000007c0000000)
  eden space 261632K, 0% used [0x00000007a0000000,0x00000007a0000000,0x00000007aff80000)
  from space 35328K, 99% used [0x00000007b4500000,0x00000007b6740418,0x00000007b6780000)
  to   space 43008K, 0% used [0x00000007b1380000,0x00000007b1380000,0x00000007b3d80000)
 ParOldGen       total 261120K, used 48452K [0x0000000760000000, 0x000000076ff00000, 0x00000007a0000000)
  object space 261120K, 18% used [0x0000000760000000,0x0000000762f511c0,0x000000076ff00000)
 Metaspace       used 94245K, capacity 98338K, committed 98600K, reserved 1134592K
  class space    used 12013K, capacity 12846K, committed 12968K, reserved 1048576K
}
Event: 898.300 GC heap before
{Heap before GC invocations=22 (full 3):
 PSYoungGen      total 296960K, used 81202K [0x00000007a0000000, 0x00000007b6780000, 0x00000007c0000000)
  eden space 261632K, 17% used [0x00000007a0000000,0x00000007a2d0c6c8,0x00000007aff80000)
  from space 35328K, 99% used [0x00000007b4500000,0x00000007b6740418,0x00000007b6780000)
  to   space 43008K, 0% used [0x00000007b1380000,0x00000007b1380000,0x00000007b3d80000)
 ParOldGen       total 261120K, used 48452K [0x0000000760000000, 0x000000076ff00000, 0x00000007a0000000)
  object space 261120K, 18% used [0x0000000760000000,0x0000000762f511c0,0x000000076ff00000)
 Metaspace       used 94321K, capacity 98466K, committed 98600K, reserved 1134592K
  class space    used 12013K, capacity 12846K, committed 12968K, reserved 1048576K
Event: 898.388 GC heap after
Heap after GC invocations=22 (full 3):
 PSYoungGen      total 325120K, used 35279K [0x00000007a0000000, 0x00000007b8b80000, 0x00000007c0000000)
  eden space 282112K, 0% used [0x00000007a0000000,0x00000007a0000000,0x00000007b1380000)
  from space 43008K, 82% used [0x00000007b1380000,0x00000007b35f3d28,0x00000007b3d80000)
  to   space 46080K, 0% used [0x00000007b5e80000,0x00000007b5e80000,0x00000007b8b80000)
 ParOldGen       total 261120K, used 48460K [0x0000000760000000, 0x000000076ff00000, 0x00000007a0000000)
  object space 261120K, 18% used [0x0000000760000000,0x0000000762f531c0,0x000000076ff00000)
 Metaspace       used 94321K, capacity 98466K, committed 98600K, reserved 1134592K
  class space    used 12013K, capacity 12846K, committed 12968K, reserved 1048576K
}
Event: 898.388 GC heap before
{Heap before GC invocations=23 (full 4):
 PSYoungGen      total 325120K, used 35279K [0x00000007a0000000, 0x00000007b8b80000, 0x00000007c0000000)
  eden space 282112K, 0% used [0x00000007a0000000,0x00000007a0000000,0x00000007b1380000)
  from space 43008K, 82% used [0x00000007b1380000,0x00000007b35f3d28,0x00000007b3d80000)
  to   space 46080K, 0% used [0x00000007b5e80000,0x00000007b5e80000,0x00000007b8b80000)
 ParOldGen       total 261120K, used 48460K [0x0000000760000000, 0x000000076ff00000, 0x00000007a0000000)
  object space 261120K, 18% used [0x0000000760000000,0x0000000762f531c0,0x000000076ff00000)
 Metaspace       used 94321K, capacity 98466K, committed 98600K, reserved 1134592K
  class space    used 12013K, capacity 12846K, committed 12968K, reserved 1048576K

